<?xml version="1.0" encoding="UTF-8"?>
<testsuite xmlns:xsi="http://www.w3.org/2001/XMLSchema-instance" xsi:schemaLocation="https://maven.apache.org/surefire/maven-surefire-plugin/xsd/surefire-test-report.xsd" name="com.virtusa.vhub.hub.test.CamelTest" time="1.377" tests="12" errors="0" skipped="0" failures="0">
  <properties>
    <property name="java.runtime.name" value="Java(TM) SE Runtime Environment"/>
    <property name="sun.boot.library.path" value="C:\software\jdk_1.8.0_40\jdk_1.8.0_40\bin"/>
    <property name="java.vm.version" value="25.40-b25"/>
    <property name="java.vm.vendor" value="Oracle Corporation"/>
    <property name="java.vendor.url" value="http://java.oracle.com/"/>
    <property name="path.separator" value=";"/>
    <property name="guice.disable.misplaced.annotation.check" value="true"/>
    <property name="java.vm.name" value="Java HotSpot(TM) Client VM"/>
    <property name="file.encoding.pkg" value="sun.io"/>
    <property name="user.script" value=""/>
    <property name="user.country" value="US"/>
    <property name="sun.java.launcher" value="SUN_STANDARD"/>
    <property name="sun.os.patch.level" value="Service Pack 1"/>
    <property name="java.vm.specification.name" value="Java Virtual Machine Specification"/>
    <property name="user.dir" value="C:\Users\karthikg\Desktop\vhub-parent"/>
    <property name="java.runtime.version" value="1.8.0_40-b26"/>
    <property name="java.awt.graphicsenv" value="sun.awt.Win32GraphicsEnvironment"/>
    <property name="java.endorsed.dirs" value="C:\software\jdk_1.8.0_40\jdk_1.8.0_40\lib\endorsed"/>
    <property name="os.arch" value="x86"/>
    <property name="java.io.tmpdir" value="C:\Users\karthikg\AppData\Local\Temp\"/>
    <property name="line.separator" value="&#10;"/>
    <property name="java.vm.specification.vendor" value="Oracle Corporation"/>
    <property name="user.variant" value=""/>
    <property name="os.name" value="Windows 7"/>
    <property name="classworlds.conf" value="C:\DemoApp\.metadata\.plugins\org.eclipse.m2e.launching\launches\m2conf53209.tmp"/>
    <property name="sun.jnu.encoding" value="Cp1252"/>
    <property name="java.library.path" value="C:\software\jdk_1.8.0_40\jdk_1.8.0_40\bin;C:\Windows\Sun\Java\bin;C:\Windows\system32;C:\Windows;C:/Program Files (x86)/Java/jre1.6.0_07/bin/client;C:/Program Files (x86)/Java/jre1.6.0_07/bin;C:/Program Files (x86)/Java/jre1.6.0_07/lib/i386;C:\Windows\system32;C:\Windows;C:\Windows\System32\Wbem;C:\Windows\System32\WindowsPowerShell\v1.0\;C:\Windows\CCM;C:\Program Files (x86)\GitExtensions\;C:\software\gradle-2.2.1-all\bin;C:\software\jdk_1.8.0_40\jdk_1.8.0_40\bin;C:\software\New_eclipse\eclipse;;."/>
    <property name="java.specification.name" value="Java Platform API Specification"/>
    <property name="java.class.version" value="52.0"/>
    <property name="sun.management.compiler" value="HotSpot Client Compiler"/>
    <property name="os.version" value="6.1"/>
    <property name="user.home" value="C:\Users\karthikg"/>
    <property name="user.timezone" value="Asia/Calcutta"/>
    <property name="java.awt.printerjob" value="sun.awt.windows.WPrinterJob"/>
    <property name="java.specification.version" value="1.8"/>
    <property name="file.encoding" value="Cp1252"/>
    <property name="user.name" value="karthikg"/>
    <property name="java.class.path" value="/C:/software/New_eclipse/eclipse/plugins/org.eclipse.m2e.maven.runtime_1.5.0.20140605-2032/jars/plexus-classworlds-2.5.1.jar"/>
    <property name="org.slf4j.simpleLogger.defaultLogLevel" value="info"/>
    <property name="java.vm.specification.version" value="1.8"/>
    <property name="sun.arch.data.model" value="32"/>
    <property name="java.home" value="C:\software\jdk_1.8.0_40\jdk_1.8.0_40"/>
    <property name="sun.java.command" value="org.codehaus.plexus.classworlds.launcher.Launcher -B clean install"/>
    <property name="java.specification.vendor" value="Oracle Corporation"/>
    <property name="user.language" value="en"/>
    <property name="awt.toolkit" value="sun.awt.windows.WToolkit"/>
    <property name="java.vm.info" value="mixed mode"/>
    <property name="java.version" value="1.8.0_40"/>
    <property name="java.ext.dirs" value="C:\software\jdk_1.8.0_40\jdk_1.8.0_40\lib\ext;C:\Windows\Sun\Java\lib\ext"/>
    <property name="sun.boot.class.path" value="C:\software\jdk_1.8.0_40\jdk_1.8.0_40\lib\resources.jar;C:\software\jdk_1.8.0_40\jdk_1.8.0_40\lib\rt.jar;C:\software\jdk_1.8.0_40\jdk_1.8.0_40\lib\sunrsasign.jar;C:\software\jdk_1.8.0_40\jdk_1.8.0_40\lib\jsse.jar;C:\software\jdk_1.8.0_40\jdk_1.8.0_40\lib\jce.jar;C:\software\jdk_1.8.0_40\jdk_1.8.0_40\lib\charsets.jar;C:\software\jdk_1.8.0_40\jdk_1.8.0_40\lib\jfr.jar;C:\software\jdk_1.8.0_40\jdk_1.8.0_40\classes"/>
    <property name="java.vendor" value="Oracle Corporation"/>
    <property name="maven.home" value="C:\Users\karthikg\Desktop\vhub-parent\EMBEDDED"/>
    <property name="file.separator" value="\"/>
    <property name="java.vendor.url.bug" value="http://bugreport.sun.com/bugreport/"/>
    <property name="sun.cpu.endian" value="little"/>
    <property name="sun.io.unicode.encoding" value="UnicodeLittle"/>
    <property name="sun.desktop" value="windows"/>
    <property name="sun.cpu.isalist" value="pentium_pro+mmx pentium_pro pentium+mmx pentium i486 i386 i86"/>
  </properties>
  <testcase name="testIfCommand2TypeIsTrue" classname="com.virtusa.vhub.hub.test.CamelTest" time="1.165"/>
  <testcase name="testAcktypeResponse1" classname="com.virtusa.vhub.hub.test.CamelTest" time="0.121"/>
  <testcase name="testAcktypeResponse2" classname="com.virtusa.vhub.hub.test.CamelTest" time="0.005"/>
  <testcase name="testIfCommand1TypeIsFalse" classname="com.virtusa.vhub.hub.test.CamelTest" time="0.002"/>
  <testcase name="testIfCommand2TypeIsFalse" classname="com.virtusa.vhub.hub.test.CamelTest" time="0.004"/>
  <testcase name="testIfCommand3TypeIsFalse" classname="com.virtusa.vhub.hub.test.CamelTest" time="0.002"/>
  <testcase name="testToSendForResponse1" classname="com.virtusa.vhub.hub.test.CamelTest" time="0.002"/>
  <testcase name="testToSendForResponse2" classname="com.virtusa.vhub.hub.test.CamelTest" time="0.004"/>
  <testcase name="testIfCommand1TypeIsTrue" classname="com.virtusa.vhub.hub.test.CamelTest" time="0.002"/>
  <testcase name="testIfCommand3TypeIsTrue" classname="com.virtusa.vhub.hub.test.CamelTest" time="0.004"/>
  <testcase name="testToSendForRequest1" classname="com.virtusa.vhub.hub.test.CamelTest" time="0.003"/>
  <testcase name="testToSendForRequest2" classname="com.virtusa.vhub.hub.test.CamelTest" time="0.001"/>
</testsuite>